[0.458s] Invoking command in '/home/luan/provasM6/teste/src/my_turtle_controller': PYTHONPATH=/home/luan/provasM6/teste/build/my_turtle_controller/prefix_override:/home/luan/provasM6/teste/install/my_turtle_controller/lib/python3.10/site-packages:${PYTHONPATH} /usr/bin/python3 -W ignore:setup.py install is deprecated setup.py egg_info --egg-base ../../build/my_turtle_controller build --build-base /home/luan/provasM6/teste/build/my_turtle_controller/build install --record /home/luan/provasM6/teste/build/my_turtle_controller/install.log --single-version-externally-managed install_data
[0.596s] running egg_info
[0.596s] creating ../../build/my_turtle_controller/my_turtle_controller.egg-info
[0.596s] writing ../../build/my_turtle_controller/my_turtle_controller.egg-info/PKG-INFO
[0.597s] writing dependency_links to ../../build/my_turtle_controller/my_turtle_controller.egg-info/dependency_links.txt
[0.597s] writing entry points to ../../build/my_turtle_controller/my_turtle_controller.egg-info/entry_points.txt
[0.597s] writing requirements to ../../build/my_turtle_controller/my_turtle_controller.egg-info/requires.txt
[0.597s] writing top-level names to ../../build/my_turtle_controller/my_turtle_controller.egg-info/top_level.txt
[0.597s] writing manifest file '../../build/my_turtle_controller/my_turtle_controller.egg-info/SOURCES.txt'
[0.598s] reading manifest file '../../build/my_turtle_controller/my_turtle_controller.egg-info/SOURCES.txt'
[0.598s] writing manifest file '../../build/my_turtle_controller/my_turtle_controller.egg-info/SOURCES.txt'
[0.598s] running build
[0.598s] running build_py
[0.598s] creating /home/luan/provasM6/teste/build/my_turtle_controller/build
[0.598s] creating /home/luan/provasM6/teste/build/my_turtle_controller/build/lib
[0.598s] creating /home/luan/provasM6/teste/build/my_turtle_controller/build/lib/my_turtle_controller
[0.599s] copying my_turtle_controller/cli.py -> /home/luan/provasM6/teste/build/my_turtle_controller/build/lib/my_turtle_controller
[0.599s] copying my_turtle_controller/__init__.py -> /home/luan/provasM6/teste/build/my_turtle_controller/build/lib/my_turtle_controller
[0.599s] running install
[0.599s] running install_lib
[0.599s] creating /home/luan/provasM6/teste/install/my_turtle_controller/lib/python3.10/site-packages/my_turtle_controller
[0.599s] copying /home/luan/provasM6/teste/build/my_turtle_controller/build/lib/my_turtle_controller/cli.py -> /home/luan/provasM6/teste/install/my_turtle_controller/lib/python3.10/site-packages/my_turtle_controller
[0.599s] copying /home/luan/provasM6/teste/build/my_turtle_controller/build/lib/my_turtle_controller/__init__.py -> /home/luan/provasM6/teste/install/my_turtle_controller/lib/python3.10/site-packages/my_turtle_controller
[0.599s] byte-compiling /home/luan/provasM6/teste/install/my_turtle_controller/lib/python3.10/site-packages/my_turtle_controller/cli.py to cli.cpython-310.pyc
[0.600s] byte-compiling /home/luan/provasM6/teste/install/my_turtle_controller/lib/python3.10/site-packages/my_turtle_controller/__init__.py to __init__.cpython-310.pyc
[0.600s] running install_data
[0.600s] creating /home/luan/provasM6/teste/install/my_turtle_controller/share/ament_index
[0.600s] creating /home/luan/provasM6/teste/install/my_turtle_controller/share/ament_index/resource_index
[0.600s] creating /home/luan/provasM6/teste/install/my_turtle_controller/share/ament_index/resource_index/packages
[0.600s] copying resource/my_turtle_controller -> /home/luan/provasM6/teste/install/my_turtle_controller/share/ament_index/resource_index/packages
[0.600s] copying package.xml -> /home/luan/provasM6/teste/install/my_turtle_controller/share/my_turtle_controller
[0.600s] running install_egg_info
[0.601s] Copying ../../build/my_turtle_controller/my_turtle_controller.egg-info to /home/luan/provasM6/teste/install/my_turtle_controller/lib/python3.10/site-packages/my_turtle_controller-0.0.0-py3.10.egg-info
[0.601s] running install_scripts
[0.614s] Installing turtle_controller script to /home/luan/provasM6/teste/install/my_turtle_controller/lib/my_turtle_controller
[0.615s] writing list of installed files to '/home/luan/provasM6/teste/build/my_turtle_controller/install.log'
[0.629s] Invoked command in '/home/luan/provasM6/teste/src/my_turtle_controller' returned '0': PYTHONPATH=/home/luan/provasM6/teste/build/my_turtle_controller/prefix_override:/home/luan/provasM6/teste/install/my_turtle_controller/lib/python3.10/site-packages:${PYTHONPATH} /usr/bin/python3 -W ignore:setup.py install is deprecated setup.py egg_info --egg-base ../../build/my_turtle_controller build --build-base /home/luan/provasM6/teste/build/my_turtle_controller/build install --record /home/luan/provasM6/teste/build/my_turtle_controller/install.log --single-version-externally-managed install_data
