[0.387s] Invoking command in '/home/luan/provasM6/teste/src/my_turtle_controller': PYTHONPATH=/home/luan/provasM6/teste/build/my_turtle_controller/prefix_override:/home/luan/provasM6/teste/install/my_turtle_controller/lib/python3.10/site-packages:${PYTHONPATH} /usr/bin/python3 -W ignore:setup.py install is deprecated setup.py egg_info --egg-base ../../build/my_turtle_controller build --build-base /home/luan/provasM6/teste/build/my_turtle_controller/build install --record /home/luan/provasM6/teste/build/my_turtle_controller/install.log --single-version-externally-managed install_data
[0.527s] running egg_info
[0.527s] writing ../../build/my_turtle_controller/my_turtle_controller.egg-info/PKG-INFO
[0.528s] writing dependency_links to ../../build/my_turtle_controller/my_turtle_controller.egg-info/dependency_links.txt
[0.528s] writing entry points to ../../build/my_turtle_controller/my_turtle_controller.egg-info/entry_points.txt
[0.528s] writing requirements to ../../build/my_turtle_controller/my_turtle_controller.egg-info/requires.txt
[0.528s] writing top-level names to ../../build/my_turtle_controller/my_turtle_controller.egg-info/top_level.txt
[0.529s] reading manifest file '../../build/my_turtle_controller/my_turtle_controller.egg-info/SOURCES.txt'
[0.529s] writing manifest file '../../build/my_turtle_controller/my_turtle_controller.egg-info/SOURCES.txt'
[0.529s] running build
[0.530s] running build_py
[0.530s] copying my_turtle_controller/cli.py -> /home/luan/provasM6/teste/build/my_turtle_controller/build/lib/my_turtle_controller
[0.530s] running install
[0.530s] running install_lib
[0.531s] copying /home/luan/provasM6/teste/build/my_turtle_controller/build/lib/my_turtle_controller/cli.py -> /home/luan/provasM6/teste/install/my_turtle_controller/lib/python3.10/site-packages/my_turtle_controller
[0.531s] byte-compiling /home/luan/provasM6/teste/install/my_turtle_controller/lib/python3.10/site-packages/my_turtle_controller/cli.py to cli.cpython-310.pyc
[0.531s] running install_data
[0.532s] running install_egg_info
[0.534s] removing '/home/luan/provasM6/teste/install/my_turtle_controller/lib/python3.10/site-packages/my_turtle_controller-0.0.0-py3.10.egg-info' (and everything under it)
[0.534s] Copying ../../build/my_turtle_controller/my_turtle_controller.egg-info to /home/luan/provasM6/teste/install/my_turtle_controller/lib/python3.10/site-packages/my_turtle_controller-0.0.0-py3.10.egg-info
[0.535s] running install_scripts
[0.548s] Installing turtle_controller script to /home/luan/provasM6/teste/install/my_turtle_controller/lib/my_turtle_controller
[0.548s] writing list of installed files to '/home/luan/provasM6/teste/build/my_turtle_controller/install.log'
[0.563s] Invoked command in '/home/luan/provasM6/teste/src/my_turtle_controller' returned '0': PYTHONPATH=/home/luan/provasM6/teste/build/my_turtle_controller/prefix_override:/home/luan/provasM6/teste/install/my_turtle_controller/lib/python3.10/site-packages:${PYTHONPATH} /usr/bin/python3 -W ignore:setup.py install is deprecated setup.py egg_info --egg-base ../../build/my_turtle_controller build --build-base /home/luan/provasM6/teste/build/my_turtle_controller/build install --record /home/luan/provasM6/teste/build/my_turtle_controller/install.log --single-version-externally-managed install_data
